2019-04-02 16:48:28.861  INFO 12252 --- [main] c.c.c.e.EstacionamientoCeibaApplication  : Starting EstacionamientoCeibaApplication on JAIME-MORALES with PID 12252 (C:\Users\jaime.morales\Documents\Git_AdnCeiba\Estacionamiento-ADN\build\libs\EstacionamientoCeiba-1.0.jar started by jaime.morales in C:\Users\jaime.morales\Documents\Git_AdnCeiba\Estacionamiento-ADN)
2019-04-02 16:48:28.866  INFO 12252 --- [main] c.c.c.e.EstacionamientoCeibaApplication  : No active profile set, falling back to default profiles: default
2019-04-02 16:48:32.238  INFO 12252 --- [main] o.s.b.w.embedded.tomcat.TomcatWebServer  : Tomcat initialized with port(s): 8085 (http)
2019-04-02 16:48:32.305  INFO 12252 --- [main] o.apache.catalina.core.StandardService   : Starting service [Tomcat]
2019-04-02 16:48:32.307  INFO 12252 --- [main] org.apache.catalina.core.StandardEngine  : Starting Servlet engine: [Apache Tomcat/9.0.16]
2019-04-02 16:48:32.332  INFO 12252 --- [main] o.a.catalina.core.AprLifecycleListener   : The APR based Apache Tomcat Native library which allows optimal performance in production environments was not found on the java.library.path: [C:\ProgramData\Oracle\Java\javapath;C:\Windows\Sun\Java\bin;C:\Windows\system32;C:\Windows;C:\ProgramData\Oracle\Java\javapath;C:\Program Files (x86)\Intel\iCLS Client\;C:\Program Files\Intel\iCLS Client\;C:\oracle\product\12.2.0\client_1\bin;C:\Program Files\CollabNet\Subversion Client;C:\Windows\system32;C:\Windows;C:\Windows\System32\Wbem;C:\Windows\System32\WindowsPowerShell\v1.0\;C:\Windows\System32\OpenSSH\;C:\Program Files\TortoiseSVN\bin;C:\Program Files (x86)\Intel\Intel(R) Management Engine Components\DAL;C:\Program Files\Intel\Intel(R) Management Engine Components\DAL;C:\Program Files (x86)\Intel\Intel(R) Management Engine Components\IPT;C:\Program Files\Intel\Intel(R) Management Engine Components\IPT;C:\Program Files (x86)\ATI Technologies\ATI.ACE\Core-Static;C:\Program Files\PuTTY\;C:\Maven\apache-maven-3.6.0\bin;C:\Users\jaime.morales\AppData\Local\Microsoft\WindowsApps;C:\Gradle\gradle-5.3.1\bin;;.]
2019-04-02 16:48:32.567  INFO 12252 --- [main] o.a.c.c.C.[Tomcat].[localhost].[/]       : Initializing Spring embedded WebApplicationContext
2019-04-02 16:48:32.572  INFO 12252 --- [main] o.s.web.context.ContextLoader            : Root WebApplicationContext: initialization completed in 3608 ms
2019-04-02 16:48:32.903  INFO 12252 --- [main] o.s.j.d.e.EmbeddedDatabaseFactory        : Starting embedded database: url='jdbc:h2:mem:dataSource;DB_CLOSE_DELAY=-1;DB_CLOSE_ON_EXIT=false', username='sa'
2019-04-02 16:48:33.827  INFO 12252 --- [main] o.s.s.concurrent.ThreadPoolTaskExecutor  : Initializing ExecutorService 'applicationTaskExecutor'
2019-04-02 16:48:34.264  INFO 12252 --- [main] o.s.b.w.embedded.tomcat.TomcatWebServer  : Tomcat started on port(s): 8085 (http) with context path ''
2019-04-02 16:48:34.287  INFO 12252 --- [main] c.c.c.e.EstacionamientoCeibaApplication  : Started EstacionamientoCeibaApplication in 6.355 seconds (JVM running for 7.056)
2019-04-02 17:12:30.861  INFO 12252 --- [Thread-3] o.s.s.concurrent.ThreadPoolTaskExecutor  : Shutting down ExecutorService 'applicationTaskExecutor'
2019-04-02 17:12:30.891  INFO 12252 --- [Thread-3] o.s.j.d.e.EmbeddedDatabaseFactory        : Shutting down embedded database: url='jdbc:h2:mem:dataSource;DB_CLOSE_DELAY=-1;DB_CLOSE_ON_EXIT=false'
2019-04-02 17:12:46.166  INFO 6908 --- [main] c.c.c.e.EstacionamientoCeibaApplication  : Starting EstacionamientoCeibaApplication on JAIME-MORALES with PID 6908 (C:\Users\jaime.morales\Documents\Git_AdnCeiba\Estacionamiento-ADN\build\libs\EstacionamientoCeiba-1.0.jar started by jaime.morales in C:\Users\jaime.morales\Documents\Git_AdnCeiba\Estacionamiento-ADN)
2019-04-02 17:12:46.171  INFO 6908 --- [main] c.c.c.e.EstacionamientoCeibaApplication  : No active profile set, falling back to default profiles: default
2019-04-02 17:12:48.705  INFO 6908 --- [main] o.s.b.w.embedded.tomcat.TomcatWebServer  : Tomcat initialized with port(s): 8085 (http)
2019-04-02 17:12:48.750  INFO 6908 --- [main] o.apache.catalina.core.StandardService   : Starting service [Tomcat]
2019-04-02 17:12:48.752  INFO 6908 --- [main] org.apache.catalina.core.StandardEngine  : Starting Servlet engine: [Apache Tomcat/9.0.16]
2019-04-02 17:12:48.777  INFO 6908 --- [main] o.a.catalina.core.AprLifecycleListener   : The APR based Apache Tomcat Native library which allows optimal performance in production environments was not found on the java.library.path: [C:\ProgramData\Oracle\Java\javapath;C:\Windows\Sun\Java\bin;C:\Windows\system32;C:\Windows;C:\ProgramData\Oracle\Java\javapath;C:\Program Files (x86)\Intel\iCLS Client\;C:\Program Files\Intel\iCLS Client\;C:\oracle\product\12.2.0\client_1\bin;C:\Program Files\CollabNet\Subversion Client;C:\Windows\system32;C:\Windows;C:\Windows\System32\Wbem;C:\Windows\System32\WindowsPowerShell\v1.0\;C:\Windows\System32\OpenSSH\;C:\Program Files\TortoiseSVN\bin;C:\Program Files (x86)\Intel\Intel(R) Management Engine Components\DAL;C:\Program Files\Intel\Intel(R) Management Engine Components\DAL;C:\Program Files (x86)\Intel\Intel(R) Management Engine Components\IPT;C:\Program Files\Intel\Intel(R) Management Engine Components\IPT;C:\Program Files (x86)\ATI Technologies\ATI.ACE\Core-Static;C:\Program Files\PuTTY\;C:\Maven\apache-maven-3.6.0\bin;C:\Users\jaime.morales\AppData\Local\Microsoft\WindowsApps;C:\Gradle\gradle-5.3.1\bin;;.]
2019-04-02 17:12:48.908  INFO 6908 --- [main] o.a.c.c.C.[Tomcat].[localhost].[/]       : Initializing Spring embedded WebApplicationContext
2019-04-02 17:12:48.909  INFO 6908 --- [main] o.s.web.context.ContextLoader            : Root WebApplicationContext: initialization completed in 2647 ms
2019-04-02 17:12:49.195  INFO 6908 --- [main] o.s.j.d.e.EmbeddedDatabaseFactory        : Starting embedded database: url='jdbc:h2:mem:dataSource;DB_CLOSE_DELAY=-1;DB_CLOSE_ON_EXIT=false', username='sa'
2019-04-02 17:12:49.882  INFO 6908 --- [main] o.s.s.concurrent.ThreadPoolTaskExecutor  : Initializing ExecutorService 'applicationTaskExecutor'
2019-04-02 17:12:50.238  INFO 6908 --- [main] o.s.b.w.embedded.tomcat.TomcatWebServer  : Tomcat started on port(s): 8085 (http) with context path ''
2019-04-02 17:12:50.246  INFO 6908 --- [main] c.c.c.e.EstacionamientoCeibaApplication  : Started EstacionamientoCeibaApplication in 4.771 seconds (JVM running for 5.319)
2019-04-02 17:21:05.443  INFO 6908 --- [Thread-3] o.s.s.concurrent.ThreadPoolTaskExecutor  : Shutting down ExecutorService 'applicationTaskExecutor'
2019-04-02 17:21:05.461  INFO 6908 --- [Thread-3] o.s.j.d.e.EmbeddedDatabaseFactory        : Shutting down embedded database: url='jdbc:h2:mem:dataSource;DB_CLOSE_DELAY=-1;DB_CLOSE_ON_EXIT=false'
